[2025-11-23 21:40:16] [INFO] [ui_auto] [main.py:58]: UI Automation Platform API started successfully
[2025-11-23 21:40:37] [INFO] [ui_auto] [main.py:58]: UI Automation Platform API started successfully
[2025-11-23 21:41:01] [INFO] [ui_auto] [main.py:58]: UI Automation Platform API started successfully
[2025-11-23 21:41:37] [INFO] [ui_auto] [main.py:58]: UI Automation Platform API started successfully
[2025-11-23 21:42:17] [INFO] [ui_auto] [main.py:58]: UI Automation Platform API started successfully
[2025-11-23 21:42:23] [INFO] [ui_auto] [main.py:58]: UI Automation Platform API started successfully
[2025-11-23 21:43:51] [INFO] [sqlalchemy.engine.Engine] [base.py:1846]: select pg_catalog.version()
[2025-11-23 21:43:51] [INFO] [sqlalchemy.engine.Engine] [base.py:1846]: [raw sql] ()
[2025-11-23 21:43:51] [INFO] [sqlalchemy.engine.Engine] [base.py:1846]: select current_schema()
[2025-11-23 21:43:51] [INFO] [sqlalchemy.engine.Engine] [base.py:1846]: [raw sql] ()
[2025-11-23 21:43:51] [INFO] [sqlalchemy.engine.Engine] [base.py:1846]: show standard_conforming_strings
[2025-11-23 21:43:51] [INFO] [sqlalchemy.engine.Engine] [base.py:1846]: [raw sql] ()
[2025-11-23 21:43:51] [INFO] [sqlalchemy.engine.Engine] [base.py:2702]: BEGIN (implicit)
[2025-11-23 21:43:51] [INFO] [sqlalchemy.engine.Engine] [base.py:1846]: SELECT users.id, users.email, users.hashed_password, users.full_name, users.is_active, users.is_superuser, users.role, users.created_at, users.updated_at 
FROM users 
WHERE users.email = $1::VARCHAR
[2025-11-23 21:43:51] [INFO] [sqlalchemy.engine.Engine] [base.py:1846]: [generated in 0.00025s] ('admin@163.com',)
[2025-11-23 21:43:51] [INFO] [sqlalchemy.engine.Engine] [base.py:2705]: ROLLBACK
[2025-11-23 21:43:51] [INFO] [sqlalchemy.engine.Engine] [base.py:2702]: BEGIN (implicit)
[2025-11-23 21:43:51] [INFO] [sqlalchemy.engine.Engine] [base.py:1846]: SELECT users.id, users.email, users.hashed_password, users.full_name, users.is_active, users.is_superuser, users.role, users.created_at, users.updated_at 
FROM users 
WHERE users.email = $1::VARCHAR
[2025-11-23 21:43:51] [INFO] [sqlalchemy.engine.Engine] [base.py:1846]: [cached since 0.09949s ago] ('admin@163.com',)
[2025-11-23 21:43:51] [INFO] [sqlalchemy.engine.Engine] [base.py:1846]: SELECT test_reports.id, test_reports.test_case_id, test_reports.test_suite_id, test_reports.executor_id, test_reports.report_path, test_reports.status, test_reports.browser_type, test_reports.headless, test_reports.error_message, test_reports.created_at 
FROM test_reports 
 LIMIT $1::INTEGER OFFSET $2::INTEGER
[2025-11-23 21:43:51] [INFO] [sqlalchemy.engine.Engine] [base.py:1846]: [generated in 0.00028s] (100, 0)
[2025-11-23 21:43:51] [INFO] [sqlalchemy.engine.Engine] [base.py:2705]: ROLLBACK
[2025-11-23 21:43:52] [INFO] [sqlalchemy.engine.Engine] [base.py:2702]: BEGIN (implicit)
[2025-11-23 21:43:52] [INFO] [sqlalchemy.engine.Engine] [base.py:1846]: SELECT users.id, users.email, users.hashed_password, users.full_name, users.is_active, users.is_superuser, users.role, users.created_at, users.updated_at 
FROM users 
WHERE users.email = $1::VARCHAR
[2025-11-23 21:43:52] [INFO] [sqlalchemy.engine.Engine] [base.py:1846]: [cached since 0.6696s ago] ('admin@163.com',)
[2025-11-23 21:43:52] [INFO] [sqlalchemy.engine.Engine] [base.py:2705]: ROLLBACK
[2025-11-23 21:43:52] [INFO] [sqlalchemy.engine.Engine] [base.py:2702]: BEGIN (implicit)
[2025-11-23 21:43:52] [INFO] [sqlalchemy.engine.Engine] [base.py:1846]: SELECT users.id, users.email, users.hashed_password, users.full_name, users.is_active, users.is_superuser, users.role, users.created_at, users.updated_at 
FROM users 
WHERE users.email = $1::VARCHAR
[2025-11-23 21:43:52] [INFO] [sqlalchemy.engine.Engine] [base.py:1846]: [cached since 0.7128s ago] ('admin@163.com',)
[2025-11-23 21:43:52] [INFO] [sqlalchemy.engine.Engine] [base.py:1846]: SELECT test_reports.id, test_reports.test_case_id, test_reports.test_suite_id, test_reports.executor_id, test_reports.report_path, test_reports.status, test_reports.browser_type, test_reports.headless, test_reports.error_message, test_reports.created_at 
FROM test_reports 
 LIMIT $1::INTEGER OFFSET $2::INTEGER
[2025-11-23 21:43:52] [INFO] [sqlalchemy.engine.Engine] [base.py:1846]: [cached since 0.6105s ago] (100, 0)
[2025-11-23 21:43:52] [INFO] [sqlalchemy.engine.Engine] [base.py:2705]: ROLLBACK
[2025-11-23 21:43:54] [INFO] [sqlalchemy.engine.Engine] [base.py:2702]: BEGIN (implicit)
[2025-11-23 21:43:54] [INFO] [sqlalchemy.engine.Engine] [base.py:1846]: SELECT users.id, users.email, users.hashed_password, users.full_name, users.is_active, users.is_superuser, users.role, users.created_at, users.updated_at 
FROM users 
WHERE users.email = $1::VARCHAR
[2025-11-23 21:43:54] [INFO] [sqlalchemy.engine.Engine] [base.py:1846]: [cached since 2.277s ago] ('admin@163.com',)
[2025-11-23 21:43:54] [INFO] [sqlalchemy.engine.Engine] [base.py:1846]: SELECT modules.id, modules.name, modules.description, modules.project_id, modules.parent_id 
FROM modules 
 LIMIT $1::INTEGER OFFSET $2::INTEGER
[2025-11-23 21:43:54] [INFO] [sqlalchemy.engine.Engine] [base.py:1846]: [generated in 0.00011s] (100, 0)
[2025-11-23 21:43:54] [INFO] [sqlalchemy.engine.Engine] [base.py:2705]: ROLLBACK
[2025-11-23 21:43:54] [INFO] [sqlalchemy.engine.Engine] [base.py:2702]: BEGIN (implicit)
[2025-11-23 21:43:54] [INFO] [sqlalchemy.engine.Engine] [base.py:1846]: SELECT users.id, users.email, users.hashed_password, users.full_name, users.is_active, users.is_superuser, users.role, users.created_at, users.updated_at 
FROM users 
WHERE users.email = $1::VARCHAR
[2025-11-23 21:43:54] [INFO] [sqlalchemy.engine.Engine] [base.py:1846]: [cached since 2.288s ago] ('admin@163.com',)
[2025-11-23 21:43:54] [INFO] [sqlalchemy.engine.Engine] [base.py:1846]: SELECT pages.id, pages.name, pages.description, pages.module_id 
FROM pages 
WHERE pages.module_id = $1::INTEGER
[2025-11-23 21:43:54] [INFO] [sqlalchemy.engine.Engine] [base.py:1846]: [generated in 0.00015s] (1,)
[2025-11-23 21:43:54] [INFO] [sqlalchemy.engine.Engine] [base.py:2705]: ROLLBACK
[2025-11-23 21:43:54] [INFO] [sqlalchemy.engine.Engine] [base.py:2702]: BEGIN (implicit)
[2025-11-23 21:43:54] [INFO] [sqlalchemy.engine.Engine] [base.py:1846]: SELECT users.id, users.email, users.hashed_password, users.full_name, users.is_active, users.is_superuser, users.role, users.created_at, users.updated_at 
FROM users 
WHERE users.email = $1::VARCHAR
[2025-11-23 21:43:54] [INFO] [sqlalchemy.engine.Engine] [base.py:1846]: [cached since 2.301s ago] ('admin@163.com',)
[2025-11-23 21:43:54] [INFO] [sqlalchemy.engine.Engine] [base.py:1846]: SELECT test_cases.id, test_cases.name, test_cases.description, test_cases.module_id, test_cases.priority, test_cases.status, test_cases.steps, test_cases.created_at, test_cases.updated_at, test_cases.creator_id 
FROM test_cases 
WHERE test_cases.module_id = $1::INTEGER 
 LIMIT $2::INTEGER OFFSET $3::INTEGER
[2025-11-23 21:43:54] [INFO] [sqlalchemy.engine.Engine] [base.py:1846]: [generated in 0.00015s] (1, 100, 0)
[2025-11-23 21:43:54] [INFO] [sqlalchemy.engine.Engine] [base.py:2705]: ROLLBACK
[2025-11-23 21:43:55] [INFO] [sqlalchemy.engine.Engine] [base.py:2702]: BEGIN (implicit)
[2025-11-23 21:43:55] [INFO] [sqlalchemy.engine.Engine] [base.py:1846]: SELECT users.id, users.email, users.hashed_password, users.full_name, users.is_active, users.is_superuser, users.role, users.created_at, users.updated_at 
FROM users 
WHERE users.email = $1::VARCHAR
[2025-11-23 21:43:55] [INFO] [sqlalchemy.engine.Engine] [base.py:1846]: [cached since 4.158s ago] ('admin@163.com',)
[2025-11-23 21:43:56] [INFO] [sqlalchemy.engine.Engine] [base.py:2705]: ROLLBACK
[2025-11-23 21:44:27] [INFO] [sqlalchemy.engine.Engine] [base.py:2702]: BEGIN (implicit)
[2025-11-23 21:44:27] [INFO] [sqlalchemy.engine.Engine] [base.py:1846]: SELECT users.id, users.email, users.hashed_password, users.full_name, users.is_active, users.is_superuser, users.role, users.created_at, users.updated_at 
FROM users 
WHERE users.email = $1::VARCHAR
[2025-11-23 21:44:27] [INFO] [sqlalchemy.engine.Engine] [base.py:1846]: [cached since 35.39s ago] ('admin@163.com',)
[2025-11-23 21:44:27] [INFO] [sqlalchemy.engine.Engine] [base.py:1846]: SELECT test_reports.id, test_reports.test_case_id, test_reports.test_suite_id, test_reports.executor_id, test_reports.report_path, test_reports.status, test_reports.browser_type, test_reports.headless, test_reports.error_message, test_reports.created_at 
FROM test_reports 
 LIMIT $1::INTEGER OFFSET $2::INTEGER
[2025-11-23 21:44:27] [INFO] [sqlalchemy.engine.Engine] [base.py:1846]: [cached since 35.29s ago] (100, 0)
[2025-11-23 21:44:27] [INFO] [sqlalchemy.engine.Engine] [base.py:1846]: SELECT test_cases.id AS test_cases_id, test_cases.name AS test_cases_name, test_cases.description AS test_cases_description, test_cases.module_id AS test_cases_module_id, test_cases.priority AS test_cases_priority, test_cases.status AS test_cases_status, test_cases.steps AS test_cases_steps, test_cases.created_at AS test_cases_created_at, test_cases.updated_at AS test_cases_updated_at, test_cases.creator_id AS test_cases_creator_id 
FROM test_cases 
WHERE test_cases.id = $1::INTEGER
[2025-11-23 21:44:27] [INFO] [sqlalchemy.engine.Engine] [base.py:1846]: [generated in 0.00084s] (1,)
[2025-11-23 21:44:27] [INFO] [sqlalchemy.engine.Engine] [base.py:2705]: ROLLBACK
[2025-11-23 21:44:28] [INFO] [ui_auto] [main.py:58]: UI Automation Platform API started successfully
[2025-11-23 21:44:55] [INFO] [ui_auto] [main.py:58]: UI Automation Platform API started successfully
[2025-11-23 21:45:28] [INFO] [sqlalchemy.engine.Engine] [base.py:1846]: select pg_catalog.version()
[2025-11-23 21:45:28] [INFO] [sqlalchemy.engine.Engine] [base.py:1846]: [raw sql] ()
[2025-11-23 21:45:28] [INFO] [sqlalchemy.engine.Engine] [base.py:1846]: select current_schema()
[2025-11-23 21:45:28] [INFO] [sqlalchemy.engine.Engine] [base.py:1846]: [raw sql] ()
[2025-11-23 21:45:28] [INFO] [sqlalchemy.engine.Engine] [base.py:1846]: show standard_conforming_strings
[2025-11-23 21:45:28] [INFO] [sqlalchemy.engine.Engine] [base.py:1846]: [raw sql] ()
[2025-11-23 21:45:28] [INFO] [sqlalchemy.engine.Engine] [base.py:2702]: BEGIN (implicit)
[2025-11-23 21:45:28] [INFO] [sqlalchemy.engine.Engine] [base.py:1846]: SELECT users.id, users.email, users.hashed_password, users.full_name, users.is_active, users.is_superuser, users.role, users.created_at, users.updated_at 
FROM users 
WHERE users.email = $1::VARCHAR
[2025-11-23 21:45:28] [INFO] [sqlalchemy.engine.Engine] [base.py:1846]: [generated in 0.00021s] ('admin@163.com',)
[2025-11-23 21:45:28] [INFO] [sqlalchemy.engine.Engine] [base.py:1846]: SELECT projects.id, projects.name, projects.description, projects.base_url, projects.owner_id, projects.created_at, projects.updated_at 
FROM projects 
 LIMIT $1::INTEGER OFFSET $2::INTEGER
[2025-11-23 21:45:28] [INFO] [sqlalchemy.engine.Engine] [base.py:1846]: [generated in 0.00018s] (100, 0)
[2025-11-23 21:45:28] [INFO] [sqlalchemy.engine.Engine] [base.py:2705]: ROLLBACK
[2025-11-23 21:45:29] [INFO] [sqlalchemy.engine.Engine] [base.py:2702]: BEGIN (implicit)
[2025-11-23 21:45:29] [INFO] [sqlalchemy.engine.Engine] [base.py:1846]: SELECT users.id, users.email, users.hashed_password, users.full_name, users.is_active, users.is_superuser, users.role, users.created_at, users.updated_at 
FROM users 
WHERE users.email = $1::VARCHAR
[2025-11-23 21:45:29] [INFO] [sqlalchemy.engine.Engine] [base.py:1846]: [cached since 1.109s ago] ('admin@163.com',)
[2025-11-23 21:45:29] [INFO] [sqlalchemy.engine.Engine] [base.py:1846]: SELECT projects.id, projects.name, projects.description, projects.base_url, projects.owner_id, projects.created_at, projects.updated_at 
FROM projects 
 LIMIT $1::INTEGER OFFSET $2::INTEGER
[2025-11-23 21:45:29] [INFO] [sqlalchemy.engine.Engine] [base.py:1846]: [cached since 1.106s ago] (100, 0)
[2025-11-23 21:45:29] [INFO] [sqlalchemy.engine.Engine] [base.py:2705]: ROLLBACK
[2025-11-23 21:45:29] [INFO] [sqlalchemy.engine.Engine] [base.py:2702]: BEGIN (implicit)
[2025-11-23 21:45:29] [INFO] [sqlalchemy.engine.Engine] [base.py:1846]: SELECT users.id, users.email, users.hashed_password, users.full_name, users.is_active, users.is_superuser, users.role, users.created_at, users.updated_at 
FROM users 
WHERE users.email = $1::VARCHAR
[2025-11-23 21:45:29] [INFO] [sqlalchemy.engine.Engine] [base.py:1846]: [cached since 1.12s ago] ('admin@163.com',)
[2025-11-23 21:45:29] [INFO] [sqlalchemy.engine.Engine] [base.py:1846]: SELECT modules.id, modules.name, modules.description, modules.project_id, modules.parent_id 
FROM modules 
WHERE modules.project_id = $1::INTEGER 
 LIMIT $2::INTEGER OFFSET $3::INTEGER
[2025-11-23 21:45:29] [INFO] [sqlalchemy.engine.Engine] [base.py:1846]: [generated in 0.00015s] (1, 100, 0)
[2025-11-23 21:45:29] [INFO] [sqlalchemy.engine.Engine] [base.py:2705]: ROLLBACK
[2025-11-23 21:45:30] [INFO] [sqlalchemy.engine.Engine] [base.py:2702]: BEGIN (implicit)
[2025-11-23 21:45:30] [INFO] [sqlalchemy.engine.Engine] [base.py:1846]: SELECT users.id, users.email, users.hashed_password, users.full_name, users.is_active, users.is_superuser, users.role, users.created_at, users.updated_at 
FROM users 
WHERE users.email = $1::VARCHAR
[2025-11-23 21:45:30] [INFO] [sqlalchemy.engine.Engine] [base.py:1846]: [cached since 2.29s ago] ('admin@163.com',)
[2025-11-23 21:45:30] [INFO] [sqlalchemy.engine.Engine] [base.py:1846]: SELECT modules.id, modules.name, modules.description, modules.project_id, modules.parent_id 
FROM modules 
 LIMIT $1::INTEGER OFFSET $2::INTEGER
[2025-11-23 21:45:30] [INFO] [sqlalchemy.engine.Engine] [base.py:1846]: [generated in 0.00026s] (100, 0)
[2025-11-23 21:45:30] [INFO] [sqlalchemy.engine.Engine] [base.py:2705]: ROLLBACK
[2025-11-23 21:45:30] [INFO] [sqlalchemy.engine.Engine] [base.py:2702]: BEGIN (implicit)
[2025-11-23 21:45:30] [INFO] [sqlalchemy.engine.Engine] [base.py:1846]: SELECT users.id, users.email, users.hashed_password, users.full_name, users.is_active, users.is_superuser, users.role, users.created_at, users.updated_at 
FROM users 
WHERE users.email = $1::VARCHAR
[2025-11-23 21:45:30] [INFO] [sqlalchemy.engine.Engine] [base.py:1846]: [cached since 2.302s ago] ('admin@163.com',)
[2025-11-23 21:45:30] [INFO] [sqlalchemy.engine.Engine] [base.py:1846]: SELECT pages.id, pages.name, pages.description, pages.module_id 
FROM pages 
WHERE pages.module_id = $1::INTEGER
[2025-11-23 21:45:30] [INFO] [sqlalchemy.engine.Engine] [base.py:1846]: [generated in 0.00037s] (1,)
[2025-11-23 21:45:30] [INFO] [sqlalchemy.engine.Engine] [base.py:2705]: ROLLBACK
[2025-11-23 21:45:31] [INFO] [sqlalchemy.engine.Engine] [base.py:2702]: BEGIN (implicit)
[2025-11-23 21:45:31] [INFO] [sqlalchemy.engine.Engine] [base.py:1846]: SELECT users.id, users.email, users.hashed_password, users.full_name, users.is_active, users.is_superuser, users.role, users.created_at, users.updated_at 
FROM users 
WHERE users.email = $1::VARCHAR
[2025-11-23 21:45:31] [INFO] [sqlalchemy.engine.Engine] [base.py:1846]: [cached since 3.171s ago] ('admin@163.com',)
[2025-11-23 21:45:31] [INFO] [sqlalchemy.engine.Engine] [base.py:1846]: SELECT modules.id, modules.name, modules.description, modules.project_id, modules.parent_id 
FROM modules 
 LIMIT $1::INTEGER OFFSET $2::INTEGER
[2025-11-23 21:45:31] [INFO] [sqlalchemy.engine.Engine] [base.py:1846]: [cached since 0.8821s ago] (100, 0)
[2025-11-23 21:45:31] [INFO] [sqlalchemy.engine.Engine] [base.py:2705]: ROLLBACK
[2025-11-23 21:45:31] [INFO] [sqlalchemy.engine.Engine] [base.py:2702]: BEGIN (implicit)
[2025-11-23 21:45:31] [INFO] [sqlalchemy.engine.Engine] [base.py:1846]: SELECT users.id, users.email, users.hashed_password, users.full_name, users.is_active, users.is_superuser, users.role, users.created_at, users.updated_at 
FROM users 
WHERE users.email = $1::VARCHAR
[2025-11-23 21:45:31] [INFO] [sqlalchemy.engine.Engine] [base.py:1846]: [cached since 3.182s ago] ('admin@163.com',)
[2025-11-23 21:45:31] [INFO] [sqlalchemy.engine.Engine] [base.py:1846]: SELECT pages.id, pages.name, pages.description, pages.module_id 
FROM pages 
WHERE pages.module_id = $1::INTEGER
[2025-11-23 21:45:31] [INFO] [sqlalchemy.engine.Engine] [base.py:1846]: [cached since 0.8772s ago] (1,)
[2025-11-23 21:45:31] [INFO] [sqlalchemy.engine.Engine] [base.py:2705]: ROLLBACK
[2025-11-23 21:45:31] [INFO] [sqlalchemy.engine.Engine] [base.py:2702]: BEGIN (implicit)
[2025-11-23 21:45:31] [INFO] [sqlalchemy.engine.Engine] [base.py:1846]: SELECT users.id, users.email, users.hashed_password, users.full_name, users.is_active, users.is_superuser, users.role, users.created_at, users.updated_at 
FROM users 
WHERE users.email = $1::VARCHAR
[2025-11-23 21:45:31] [INFO] [sqlalchemy.engine.Engine] [base.py:1846]: [cached since 3.19s ago] ('admin@163.com',)
[2025-11-23 21:45:31] [INFO] [sqlalchemy.engine.Engine] [base.py:1846]: SELECT test_cases.id, test_cases.name, test_cases.description, test_cases.module_id, test_cases.priority, test_cases.status, test_cases.steps, test_cases.created_at, test_cases.updated_at, test_cases.creator_id 
FROM test_cases 
WHERE test_cases.module_id = $1::INTEGER 
 LIMIT $2::INTEGER OFFSET $3::INTEGER
[2025-11-23 21:45:31] [INFO] [sqlalchemy.engine.Engine] [base.py:1846]: [generated in 0.00014s] (1, 100, 0)
[2025-11-23 21:45:31] [INFO] [sqlalchemy.engine.Engine] [base.py:2705]: ROLLBACK
[2025-11-23 21:45:32] [INFO] [sqlalchemy.engine.Engine] [base.py:2702]: BEGIN (implicit)
[2025-11-23 21:45:32] [INFO] [sqlalchemy.engine.Engine] [base.py:1846]: SELECT users.id, users.email, users.hashed_password, users.full_name, users.is_active, users.is_superuser, users.role, users.created_at, users.updated_at 
FROM users 
WHERE users.email = $1::VARCHAR
[2025-11-23 21:45:32] [INFO] [sqlalchemy.engine.Engine] [base.py:1846]: [cached since 3.949s ago] ('admin@163.com',)
[2025-11-23 21:45:32] [INFO] [sqlalchemy.engine.Engine] [base.py:1846]: SELECT modules.id, modules.name, modules.description, modules.project_id, modules.parent_id 
FROM modules 
 LIMIT $1::INTEGER OFFSET $2::INTEGER
[2025-11-23 21:45:32] [INFO] [sqlalchemy.engine.Engine] [base.py:1846]: [cached since 1.659s ago] (100, 0)
[2025-11-23 21:45:32] [INFO] [sqlalchemy.engine.Engine] [base.py:2705]: ROLLBACK
[2025-11-23 21:45:32] [INFO] [sqlalchemy.engine.Engine] [base.py:2702]: BEGIN (implicit)
[2025-11-23 21:45:32] [INFO] [sqlalchemy.engine.Engine] [base.py:1846]: SELECT users.id, users.email, users.hashed_password, users.full_name, users.is_active, users.is_superuser, users.role, users.created_at, users.updated_at 
FROM users 
WHERE users.email = $1::VARCHAR
[2025-11-23 21:45:32] [INFO] [sqlalchemy.engine.Engine] [base.py:1846]: [cached since 3.959s ago] ('admin@163.com',)
[2025-11-23 21:45:32] [INFO] [sqlalchemy.engine.Engine] [base.py:1846]: SELECT pages.id, pages.name, pages.description, pages.module_id 
FROM pages 
WHERE pages.module_id = $1::INTEGER
[2025-11-23 21:45:32] [INFO] [sqlalchemy.engine.Engine] [base.py:1846]: [cached since 1.655s ago] (1,)
[2025-11-23 21:45:32] [INFO] [sqlalchemy.engine.Engine] [base.py:2705]: ROLLBACK
[2025-11-23 21:45:32] [INFO] [sqlalchemy.engine.Engine] [base.py:2702]: BEGIN (implicit)
[2025-11-23 21:45:32] [INFO] [sqlalchemy.engine.Engine] [base.py:1846]: SELECT users.id, users.email, users.hashed_password, users.full_name, users.is_active, users.is_superuser, users.role, users.created_at, users.updated_at 
FROM users 
WHERE users.email = $1::VARCHAR
[2025-11-23 21:45:32] [INFO] [sqlalchemy.engine.Engine] [base.py:1846]: [cached since 3.971s ago] ('admin@163.com',)
[2025-11-23 21:45:32] [INFO] [sqlalchemy.engine.Engine] [base.py:1846]: SELECT page_elements.id, page_elements.name, page_elements.description, page_elements.module_id, page_elements.page_id, page_elements.locator_type, page_elements.locator_value 
FROM page_elements 
 LIMIT $1::INTEGER OFFSET $2::INTEGER
[2025-11-23 21:45:32] [INFO] [sqlalchemy.engine.Engine] [base.py:1846]: [generated in 0.00014s] (100, 0)
[2025-11-23 21:45:32] [INFO] [sqlalchemy.engine.Engine] [base.py:2705]: ROLLBACK
[2025-11-23 21:45:33] [INFO] [ui_auto] [main.py:58]: UI Automation Platform API started successfully
[2025-11-23 21:45:33] [INFO] [sqlalchemy.engine.Engine] [base.py:1846]: select pg_catalog.version()
[2025-11-23 21:45:33] [INFO] [sqlalchemy.engine.Engine] [base.py:1846]: [raw sql] ()
[2025-11-23 21:45:33] [INFO] [sqlalchemy.engine.Engine] [base.py:1846]: select current_schema()
[2025-11-23 21:45:33] [INFO] [sqlalchemy.engine.Engine] [base.py:1846]: [raw sql] ()
[2025-11-23 21:45:33] [INFO] [sqlalchemy.engine.Engine] [base.py:1846]: show standard_conforming_strings
[2025-11-23 21:45:33] [INFO] [sqlalchemy.engine.Engine] [base.py:1846]: [raw sql] ()
[2025-11-23 21:45:33] [INFO] [sqlalchemy.engine.Engine] [base.py:2702]: BEGIN (implicit)
[2025-11-23 21:45:33] [INFO] [sqlalchemy.engine.Engine] [base.py:1846]: SELECT users.id, users.email, users.hashed_password, users.full_name, users.is_active, users.is_superuser, users.role, users.created_at, users.updated_at 
FROM users 
WHERE users.email = $1::VARCHAR
[2025-11-23 21:45:33] [INFO] [sqlalchemy.engine.Engine] [base.py:1846]: [generated in 0.00041s] ('admin@163.com',)
[2025-11-23 21:45:33] [INFO] [sqlalchemy.engine.Engine] [base.py:1846]: SELECT projects.id, projects.name, projects.description, projects.base_url, projects.owner_id, projects.created_at, projects.updated_at 
FROM projects 
 LIMIT $1::INTEGER OFFSET $2::INTEGER
[2025-11-23 21:45:33] [INFO] [sqlalchemy.engine.Engine] [base.py:1846]: [generated in 0.00027s] (100, 0)
[2025-11-23 21:45:33] [INFO] [sqlalchemy.engine.Engine] [base.py:2705]: ROLLBACK
[2025-11-23 21:45:33] [INFO] [sqlalchemy.engine.Engine] [base.py:2702]: BEGIN (implicit)
[2025-11-23 21:45:33] [INFO] [sqlalchemy.engine.Engine] [base.py:1846]: SELECT users.id, users.email, users.hashed_password, users.full_name, users.is_active, users.is_superuser, users.role, users.created_at, users.updated_at 
FROM users 
WHERE users.email = $1::VARCHAR
[2025-11-23 21:45:33] [INFO] [sqlalchemy.engine.Engine] [base.py:1846]: [cached since 0.02156s ago] ('admin@163.com',)
[2025-11-23 21:45:33] [INFO] [sqlalchemy.engine.Engine] [base.py:1846]: SELECT test_suites.id, test_suites.name, test_suites.description, test_suites.project_id, test_suites.created_at, test_suites.updated_at 
FROM test_suites 
WHERE test_suites.project_id = $1::INTEGER 
 LIMIT $2::INTEGER OFFSET $3::INTEGER
[2025-11-23 21:45:33] [INFO] [sqlalchemy.engine.Engine] [base.py:1846]: [generated in 0.00017s] (1, 100, 0)
[2025-11-23 21:45:33] [INFO] [sqlalchemy.engine.Engine] [base.py:1846]: SELECT test_suites_1.id AS test_suites_1_id, test_cases.id AS test_cases_id, test_cases.name AS test_cases_name, test_cases.description AS test_cases_description, test_cases.module_id AS test_cases_module_id, test_cases.priority AS test_cases_priority, test_cases.status AS test_cases_status, test_cases.steps AS test_cases_steps, test_cases.created_at AS test_cases_created_at, test_cases.updated_at AS test_cases_updated_at, test_cases.creator_id AS test_cases_creator_id 
FROM test_suites AS test_suites_1 JOIN test_suite_cases AS test_suite_cases_1 ON test_suites_1.id = test_suite_cases_1.test_suite_id JOIN test_cases ON test_cases.id = test_suite_cases_1.test_case_id 
WHERE test_suites_1.id IN ($1::INTEGER)
[2025-11-23 21:45:33] [INFO] [sqlalchemy.engine.Engine] [base.py:1846]: [generated in 0.00049s] (2,)
[2025-11-23 21:45:33] [INFO] [sqlalchemy.engine.Engine] [base.py:2705]: ROLLBACK
[2025-11-23 21:45:34] [INFO] [sqlalchemy.engine.Engine] [base.py:2702]: BEGIN (implicit)
[2025-11-23 21:45:34] [INFO] [sqlalchemy.engine.Engine] [base.py:1846]: SELECT users.id, users.email, users.hashed_password, users.full_name, users.is_active, users.is_superuser, users.role, users.created_at, users.updated_at 
FROM users 
WHERE users.email = $1::VARCHAR
[2025-11-23 21:45:34] [INFO] [sqlalchemy.engine.Engine] [base.py:1846]: [cached since 0.2687s ago] ('admin@163.com',)
[2025-11-23 21:45:34] [INFO] [sqlalchemy.engine.Engine] [base.py:1846]: SELECT test_reports.id, test_reports.test_case_id, test_reports.test_suite_id, test_reports.executor_id, test_reports.report_path, test_reports.status, test_reports.browser_type, test_reports.headless, test_reports.error_message, test_reports.created_at 
FROM test_reports 
 LIMIT $1::INTEGER OFFSET $2::INTEGER
[2025-11-23 21:45:34] [INFO] [sqlalchemy.engine.Engine] [base.py:1846]: [generated in 0.00030s] (100, 0)
[2025-11-23 21:45:34] [INFO] [sqlalchemy.engine.Engine] [base.py:1846]: SELECT test_cases.id AS test_cases_id, test_cases.name AS test_cases_name, test_cases.description AS test_cases_description, test_cases.module_id AS test_cases_module_id, test_cases.priority AS test_cases_priority, test_cases.status AS test_cases_status, test_cases.steps AS test_cases_steps, test_cases.created_at AS test_cases_created_at, test_cases.updated_at AS test_cases_updated_at, test_cases.creator_id AS test_cases_creator_id 
FROM test_cases 
WHERE test_cases.id = $1::INTEGER
[2025-11-23 21:45:34] [INFO] [sqlalchemy.engine.Engine] [base.py:1846]: [generated in 0.00019s] (1,)
[2025-11-23 21:45:34] [INFO] [sqlalchemy.engine.Engine] [base.py:2705]: ROLLBACK
[2025-11-23 21:45:36] [INFO] [sqlalchemy.engine.Engine] [base.py:2702]: BEGIN (implicit)
[2025-11-23 21:45:36] [INFO] [sqlalchemy.engine.Engine] [base.py:1846]: SELECT users.id, users.email, users.hashed_password, users.full_name, users.is_active, users.is_superuser, users.role, users.created_at, users.updated_at 
FROM users 
WHERE users.email = $1::VARCHAR
[2025-11-23 21:45:36] [INFO] [sqlalchemy.engine.Engine] [base.py:1846]: [cached since 2.699s ago] ('admin@163.com',)
[2025-11-23 21:45:36] [INFO] [sqlalchemy.engine.Engine] [base.py:1846]: SELECT projects.id, projects.name, projects.description, projects.base_url, projects.owner_id, projects.created_at, projects.updated_at 
FROM projects 
 LIMIT $1::INTEGER OFFSET $2::INTEGER
[2025-11-23 21:45:36] [INFO] [sqlalchemy.engine.Engine] [base.py:1846]: [cached since 2.697s ago] (100, 0)
[2025-11-23 21:45:36] [INFO] [sqlalchemy.engine.Engine] [base.py:2705]: ROLLBACK
[2025-11-23 21:46:20] [INFO] [ui_auto] [main.py:58]: UI Automation Platform API started successfully
[2025-11-23 21:47:29] [INFO] [sqlalchemy.engine.Engine] [base.py:1846]: select pg_catalog.version()
[2025-11-23 21:47:29] [INFO] [sqlalchemy.engine.Engine] [base.py:1846]: [raw sql] ()
[2025-11-23 21:47:29] [INFO] [sqlalchemy.engine.Engine] [base.py:1846]: select current_schema()
[2025-11-23 21:47:29] [INFO] [sqlalchemy.engine.Engine] [base.py:1846]: [raw sql] ()
[2025-11-23 21:47:29] [INFO] [sqlalchemy.engine.Engine] [base.py:1846]: show standard_conforming_strings
[2025-11-23 21:47:29] [INFO] [sqlalchemy.engine.Engine] [base.py:1846]: [raw sql] ()
[2025-11-23 21:47:29] [INFO] [sqlalchemy.engine.Engine] [base.py:2702]: BEGIN (implicit)
[2025-11-23 21:47:29] [INFO] [sqlalchemy.engine.Engine] [base.py:1846]: SELECT users.id, users.email, users.hashed_password, users.full_name, users.is_active, users.is_superuser, users.role, users.created_at, users.updated_at 
FROM users 
WHERE users.email = $1::VARCHAR
[2025-11-23 21:47:29] [INFO] [sqlalchemy.engine.Engine] [base.py:1846]: [generated in 0.00025s] ('admin@163.com',)
[2025-11-23 21:47:29] [INFO] [sqlalchemy.engine.Engine] [base.py:1846]: SELECT test_reports.id, test_reports.test_case_id, test_reports.test_suite_id, test_reports.executor_id, test_reports.report_path, test_reports.status, test_reports.browser_type, test_reports.headless, test_reports.error_message, test_reports.created_at 
FROM test_reports 
 LIMIT $1::INTEGER OFFSET $2::INTEGER
[2025-11-23 21:47:29] [INFO] [sqlalchemy.engine.Engine] [base.py:1846]: [generated in 0.00013s] (100, 0)
[2025-11-23 21:47:29] [INFO] [sqlalchemy.engine.Engine] [base.py:1846]: SELECT test_cases.id AS test_cases_id, test_cases.name AS test_cases_name, test_cases.description AS test_cases_description, test_cases.module_id AS test_cases_module_id, test_cases.priority AS test_cases_priority, test_cases.status AS test_cases_status, test_cases.steps AS test_cases_steps, test_cases.created_at AS test_cases_created_at, test_cases.updated_at AS test_cases_updated_at, test_cases.creator_id AS test_cases_creator_id 
FROM test_cases 
WHERE test_cases.id = $1::INTEGER
[2025-11-23 21:47:29] [INFO] [sqlalchemy.engine.Engine] [base.py:1846]: [generated in 0.00015s] (1,)
[2025-11-23 21:47:29] [INFO] [sqlalchemy.engine.Engine] [base.py:2705]: ROLLBACK
[2025-11-23 21:47:32] [INFO] [sqlalchemy.engine.Engine] [base.py:2702]: BEGIN (implicit)
[2025-11-23 21:47:32] [INFO] [sqlalchemy.engine.Engine] [base.py:1846]: SELECT users.id, users.email, users.hashed_password, users.full_name, users.is_active, users.is_superuser, users.role, users.created_at, users.updated_at 
FROM users 
WHERE users.email = $1::VARCHAR
[2025-11-23 21:47:32] [INFO] [sqlalchemy.engine.Engine] [base.py:1846]: [cached since 2.577s ago] ('admin@163.com',)
[2025-11-23 21:47:32] [INFO] [sqlalchemy.engine.Engine] [base.py:1846]: SELECT test_reports.id AS test_reports_id, test_reports.test_case_id AS test_reports_test_case_id, test_reports.test_suite_id AS test_reports_test_suite_id, test_reports.executor_id AS test_reports_executor_id, test_reports.report_path AS test_reports_report_path, test_reports.status AS test_reports_status, test_reports.browser_type AS test_reports_browser_type, test_reports.headless AS test_reports_headless, test_reports.error_message AS test_reports_error_message, test_reports.created_at AS test_reports_created_at 
FROM test_reports 
WHERE test_reports.id = $1::INTEGER
[2025-11-23 21:47:32] [INFO] [sqlalchemy.engine.Engine] [base.py:1846]: [generated in 0.00023s] (18,)
[2025-11-23 21:47:32] [INFO] [ui_auto] [report_service.py:134]: Deleting report directory: /Users/yangqiongjiu/gitCode/uidemo/ui_auto_new/backend/allure-reports/case_1_20251123_214405
[2025-11-23 21:47:32] [INFO] [ui_auto] [report_service.py:136]: Successfully deleted report directory: /Users/yangqiongjiu/gitCode/uidemo/ui_auto_new/backend/allure-reports/case_1_20251123_214405
[2025-11-23 21:47:32] [INFO] [sqlalchemy.engine.Engine] [base.py:1846]: DELETE FROM test_reports WHERE test_reports.id = $1::INTEGER
[2025-11-23 21:47:32] [INFO] [sqlalchemy.engine.Engine] [base.py:1846]: [generated in 0.00027s] (18,)
[2025-11-23 21:47:32] [INFO] [sqlalchemy.engine.Engine] [base.py:2708]: COMMIT
[2025-11-23 21:47:32] [INFO] [sqlalchemy.engine.Engine] [base.py:2702]: BEGIN (implicit)
[2025-11-23 21:47:32] [INFO] [sqlalchemy.engine.Engine] [base.py:1846]: SELECT users.id, users.email, users.hashed_password, users.full_name, users.is_active, users.is_superuser, users.role, users.created_at, users.updated_at 
FROM users 
WHERE users.email = $1::VARCHAR
[2025-11-23 21:47:32] [INFO] [sqlalchemy.engine.Engine] [base.py:1846]: [cached since 2.618s ago] ('admin@163.com',)
[2025-11-23 21:47:32] [INFO] [sqlalchemy.engine.Engine] [base.py:1846]: SELECT test_reports.id, test_reports.test_case_id, test_reports.test_suite_id, test_reports.executor_id, test_reports.report_path, test_reports.status, test_reports.browser_type, test_reports.headless, test_reports.error_message, test_reports.created_at 
FROM test_reports 
 LIMIT $1::INTEGER OFFSET $2::INTEGER
[2025-11-23 21:47:32] [INFO] [sqlalchemy.engine.Engine] [base.py:1846]: [cached since 2.616s ago] (100, 0)
[2025-11-23 21:47:32] [INFO] [sqlalchemy.engine.Engine] [base.py:2705]: ROLLBACK
[2025-11-23 21:47:43] [INFO] [sqlalchemy.engine.Engine] [base.py:2702]: BEGIN (implicit)
[2025-11-23 21:47:43] [INFO] [sqlalchemy.engine.Engine] [base.py:1846]: SELECT users.id, users.email, users.hashed_password, users.full_name, users.is_active, users.is_superuser, users.role, users.created_at, users.updated_at 
FROM users 
WHERE users.email = $1::VARCHAR
[2025-11-23 21:47:43] [INFO] [sqlalchemy.engine.Engine] [base.py:1846]: [cached since 13.43s ago] ('admin@163.com',)
[2025-11-23 21:47:43] [INFO] [sqlalchemy.engine.Engine] [base.py:1846]: SELECT projects.id, projects.name, projects.description, projects.base_url, projects.owner_id, projects.created_at, projects.updated_at 
FROM projects 
 LIMIT $1::INTEGER OFFSET $2::INTEGER
[2025-11-23 21:47:43] [INFO] [sqlalchemy.engine.Engine] [base.py:1846]: [generated in 0.00018s] (100, 0)
[2025-11-23 21:47:43] [INFO] [sqlalchemy.engine.Engine] [base.py:2705]: ROLLBACK
[2025-11-23 21:47:43] [INFO] [sqlalchemy.engine.Engine] [base.py:2702]: BEGIN (implicit)
[2025-11-23 21:47:43] [INFO] [sqlalchemy.engine.Engine] [base.py:1846]: SELECT users.id, users.email, users.hashed_password, users.full_name, users.is_active, users.is_superuser, users.role, users.created_at, users.updated_at 
FROM users 
WHERE users.email = $1::VARCHAR
[2025-11-23 21:47:43] [INFO] [sqlalchemy.engine.Engine] [base.py:1846]: [cached since 13.45s ago] ('admin@163.com',)
[2025-11-23 21:47:43] [INFO] [sqlalchemy.engine.Engine] [base.py:1846]: SELECT test_suites.id, test_suites.name, test_suites.description, test_suites.project_id, test_suites.created_at, test_suites.updated_at 
FROM test_suites 
WHERE test_suites.project_id = $1::INTEGER 
 LIMIT $2::INTEGER OFFSET $3::INTEGER
[2025-11-23 21:47:43] [INFO] [sqlalchemy.engine.Engine] [base.py:1846]: [generated in 0.00018s] (1, 100, 0)
[2025-11-23 21:47:43] [INFO] [sqlalchemy.engine.Engine] [base.py:1846]: SELECT test_suites_1.id AS test_suites_1_id, test_cases.id AS test_cases_id, test_cases.name AS test_cases_name, test_cases.description AS test_cases_description, test_cases.module_id AS test_cases_module_id, test_cases.priority AS test_cases_priority, test_cases.status AS test_cases_status, test_cases.steps AS test_cases_steps, test_cases.created_at AS test_cases_created_at, test_cases.updated_at AS test_cases_updated_at, test_cases.creator_id AS test_cases_creator_id 
FROM test_suites AS test_suites_1 JOIN test_suite_cases AS test_suite_cases_1 ON test_suites_1.id = test_suite_cases_1.test_suite_id JOIN test_cases ON test_cases.id = test_suite_cases_1.test_case_id 
WHERE test_suites_1.id IN ($1::INTEGER)
[2025-11-23 21:47:43] [INFO] [sqlalchemy.engine.Engine] [base.py:1846]: [generated in 0.00020s] (2,)
[2025-11-23 21:47:43] [INFO] [sqlalchemy.engine.Engine] [base.py:2705]: ROLLBACK
[2025-11-23 21:47:44] [INFO] [sqlalchemy.engine.Engine] [base.py:2702]: BEGIN (implicit)
[2025-11-23 21:47:44] [INFO] [sqlalchemy.engine.Engine] [base.py:1846]: SELECT users.id, users.email, users.hashed_password, users.full_name, users.is_active, users.is_superuser, users.role, users.created_at, users.updated_at 
FROM users 
WHERE users.email = $1::VARCHAR
[2025-11-23 21:47:44] [INFO] [sqlalchemy.engine.Engine] [base.py:1846]: [cached since 14.61s ago] ('admin@163.com',)
[2025-11-23 21:47:44] [INFO] [sqlalchemy.engine.Engine] [base.py:1846]: SELECT modules.id, modules.name, modules.description, modules.project_id, modules.parent_id 
FROM modules 
 LIMIT $1::INTEGER OFFSET $2::INTEGER
[2025-11-23 21:47:44] [INFO] [sqlalchemy.engine.Engine] [base.py:1846]: [generated in 0.00020s] (100, 0)
[2025-11-23 21:47:44] [INFO] [sqlalchemy.engine.Engine] [base.py:2705]: ROLLBACK
[2025-11-23 21:47:44] [INFO] [sqlalchemy.engine.Engine] [base.py:2702]: BEGIN (implicit)
[2025-11-23 21:47:44] [INFO] [sqlalchemy.engine.Engine] [base.py:1846]: SELECT users.id, users.email, users.hashed_password, users.full_name, users.is_active, users.is_superuser, users.role, users.created_at, users.updated_at 
FROM users 
WHERE users.email = $1::VARCHAR
[2025-11-23 21:47:44] [INFO] [sqlalchemy.engine.Engine] [base.py:1846]: [cached since 14.63s ago] ('admin@163.com',)
[2025-11-23 21:47:44] [INFO] [sqlalchemy.engine.Engine] [base.py:1846]: SELECT pages.id, pages.name, pages.description, pages.module_id 
FROM pages 
WHERE pages.module_id = $1::INTEGER
[2025-11-23 21:47:44] [INFO] [sqlalchemy.engine.Engine] [base.py:1846]: [generated in 0.00025s] (1,)
[2025-11-23 21:47:44] [INFO] [sqlalchemy.engine.Engine] [base.py:2705]: ROLLBACK
[2025-11-23 21:47:44] [INFO] [sqlalchemy.engine.Engine] [base.py:2702]: BEGIN (implicit)
[2025-11-23 21:47:44] [INFO] [sqlalchemy.engine.Engine] [base.py:1846]: SELECT users.id, users.email, users.hashed_password, users.full_name, users.is_active, users.is_superuser, users.role, users.created_at, users.updated_at 
FROM users 
WHERE users.email = $1::VARCHAR
[2025-11-23 21:47:44] [INFO] [sqlalchemy.engine.Engine] [base.py:1846]: [cached since 14.64s ago] ('admin@163.com',)
[2025-11-23 21:47:44] [INFO] [sqlalchemy.engine.Engine] [base.py:1846]: SELECT page_elements.id, page_elements.name, page_elements.description, page_elements.module_id, page_elements.page_id, page_elements.locator_type, page_elements.locator_value 
FROM page_elements 
 LIMIT $1::INTEGER OFFSET $2::INTEGER
[2025-11-23 21:47:44] [INFO] [sqlalchemy.engine.Engine] [base.py:1846]: [generated in 0.00032s] (100, 0)
[2025-11-23 21:47:44] [INFO] [sqlalchemy.engine.Engine] [base.py:2705]: ROLLBACK
[2025-11-23 21:47:44] [INFO] [sqlalchemy.engine.Engine] [base.py:2702]: BEGIN (implicit)
[2025-11-23 21:47:44] [INFO] [sqlalchemy.engine.Engine] [base.py:1846]: SELECT users.id, users.email, users.hashed_password, users.full_name, users.is_active, users.is_superuser, users.role, users.created_at, users.updated_at 
FROM users 
WHERE users.email = $1::VARCHAR
[2025-11-23 21:47:44] [INFO] [sqlalchemy.engine.Engine] [base.py:1846]: [cached since 15.28s ago] ('admin@163.com',)
[2025-11-23 21:47:44] [INFO] [sqlalchemy.engine.Engine] [base.py:1846]: SELECT modules.id, modules.name, modules.description, modules.project_id, modules.parent_id 
FROM modules 
 LIMIT $1::INTEGER OFFSET $2::INTEGER
[2025-11-23 21:47:44] [INFO] [sqlalchemy.engine.Engine] [base.py:1846]: [cached since 0.6622s ago] (100, 0)
[2025-11-23 21:47:44] [INFO] [sqlalchemy.engine.Engine] [base.py:2705]: ROLLBACK
[2025-11-23 21:47:44] [INFO] [sqlalchemy.engine.Engine] [base.py:2702]: BEGIN (implicit)
[2025-11-23 21:47:44] [INFO] [sqlalchemy.engine.Engine] [base.py:1846]: SELECT users.id, users.email, users.hashed_password, users.full_name, users.is_active, users.is_superuser, users.role, users.created_at, users.updated_at 
FROM users 
WHERE users.email = $1::VARCHAR
[2025-11-23 21:47:44] [INFO] [sqlalchemy.engine.Engine] [base.py:1846]: [cached since 15.29s ago] ('admin@163.com',)
[2025-11-23 21:47:44] [INFO] [sqlalchemy.engine.Engine] [base.py:1846]: SELECT pages.id, pages.name, pages.description, pages.module_id 
FROM pages 
WHERE pages.module_id = $1::INTEGER
[2025-11-23 21:47:44] [INFO] [sqlalchemy.engine.Engine] [base.py:1846]: [cached since 0.6604s ago] (1,)
[2025-11-23 21:47:44] [INFO] [sqlalchemy.engine.Engine] [base.py:2705]: ROLLBACK
[2025-11-23 21:47:44] [INFO] [sqlalchemy.engine.Engine] [base.py:2702]: BEGIN (implicit)
[2025-11-23 21:47:44] [INFO] [sqlalchemy.engine.Engine] [base.py:1846]: SELECT users.id, users.email, users.hashed_password, users.full_name, users.is_active, users.is_superuser, users.role, users.created_at, users.updated_at 
FROM users 
WHERE users.email = $1::VARCHAR
[2025-11-23 21:47:44] [INFO] [sqlalchemy.engine.Engine] [base.py:1846]: [cached since 15.3s ago] ('admin@163.com',)
[2025-11-23 21:47:44] [INFO] [sqlalchemy.engine.Engine] [base.py:1846]: SELECT test_cases.id, test_cases.name, test_cases.description, test_cases.module_id, test_cases.priority, test_cases.status, test_cases.steps, test_cases.created_at, test_cases.updated_at, test_cases.creator_id 
FROM test_cases 
WHERE test_cases.module_id = $1::INTEGER 
 LIMIT $2::INTEGER OFFSET $3::INTEGER
[2025-11-23 21:47:44] [INFO] [sqlalchemy.engine.Engine] [base.py:1846]: [generated in 0.00017s] (1, 100, 0)
[2025-11-23 21:47:44] [INFO] [sqlalchemy.engine.Engine] [base.py:2705]: ROLLBACK
[2025-11-23 21:47:45] [INFO] [sqlalchemy.engine.Engine] [base.py:2702]: BEGIN (implicit)
[2025-11-23 21:47:45] [INFO] [sqlalchemy.engine.Engine] [base.py:1846]: SELECT users.id, users.email, users.hashed_password, users.full_name, users.is_active, users.is_superuser, users.role, users.created_at, users.updated_at 
FROM users 
WHERE users.email = $1::VARCHAR
[2025-11-23 21:47:45] [INFO] [sqlalchemy.engine.Engine] [base.py:1846]: [cached since 15.86s ago] ('admin@163.com',)
[2025-11-23 21:47:45] [INFO] [sqlalchemy.engine.Engine] [base.py:1846]: SELECT modules.id, modules.name, modules.description, modules.project_id, modules.parent_id 
FROM modules 
 LIMIT $1::INTEGER OFFSET $2::INTEGER
[2025-11-23 21:47:45] [INFO] [sqlalchemy.engine.Engine] [base.py:1846]: [cached since 1.242s ago] (100, 0)
[2025-11-23 21:47:45] [INFO] [sqlalchemy.engine.Engine] [base.py:2705]: ROLLBACK
[2025-11-23 21:47:45] [INFO] [sqlalchemy.engine.Engine] [base.py:2702]: BEGIN (implicit)
[2025-11-23 21:47:45] [INFO] [sqlalchemy.engine.Engine] [base.py:1846]: SELECT users.id, users.email, users.hashed_password, users.full_name, users.is_active, users.is_superuser, users.role, users.created_at, users.updated_at 
FROM users 
WHERE users.email = $1::VARCHAR
[2025-11-23 21:47:45] [INFO] [sqlalchemy.engine.Engine] [base.py:1846]: [cached since 15.87s ago] ('admin@163.com',)
[2025-11-23 21:47:45] [INFO] [sqlalchemy.engine.Engine] [base.py:1846]: SELECT pages.id, pages.name, pages.description, pages.module_id 
FROM pages 
WHERE pages.module_id = $1::INTEGER
[2025-11-23 21:47:45] [INFO] [sqlalchemy.engine.Engine] [base.py:1846]: [cached since 1.242s ago] (1,)
[2025-11-23 21:47:45] [INFO] [sqlalchemy.engine.Engine] [base.py:2705]: ROLLBACK
